[notice ] CTOR CALLED WITH settings
[notice ] EGL_KHR_platform_gbm available

[notice ] EGL_MESA_platform_gbm available

[notice ] EGL_EXT_platform_base available

[notice ] --- Checking the number of DRM device available ---
[notice ] --- Devices reported 2 ---
[notice ] --- Retrieving devices information (PCI device revision is ignored) ---
[notice ] DRM: opened device: /dev/dri/card1
[notice ] device[0]
[notice ] +-> available_nodes     1
[notice ] +-> nodes
[notice ] |   +-> nodes[0] /dev/dri/card1
[notice ] +-> bustype     2
[notice ] |   +-> platform
[notice ] |       +-> fullname     /gpu
[notice ] +-> deviceinfo
[notice ]     +-> platform
[notice ]         +-> compatible
[notice ]                     brcm,bcm2711-vc5
[notice ] DRM: - opened render node: /dev/dri/card1
[notice ] DRM: UNIVERSAL PLANES cap set
[notice ] DRM: ATOMIC caps set
[notice ] DRM: Using CONNECTOR_ID: 44
[notice ] DRM: currentWindowRect: 0, 0, 0, 4096, 2160
[notice ] DRM: Using ENCODER_ID: 43
[notice ] IN_FORMATS: currently set to blob_id 86
[notice ] modifier 700000000000001
[notice ]         XRGB8888 (0x34325258)
[notice ]         ARGB8888 (0x34325241)
[notice ]         ABGR8888 (0x34324241)
[notice ]         XBGR8888 (0x34324258)
[notice ]         RGB565 (0x36314752)
[notice ]         BGR565 (0x36314742)
[notice ]         ARGB1555 (0x35315241)
[notice ]         XRGB1555 (0x35315258)
[notice ] modifier 700000000000004
[notice ]         NV12 (0x3231564e)
[notice ]         NV21 (0x3132564e)
[notice ]         P030 (0x30333050)
[notice ] modifier 700000000000003
[notice ]         NV12 (0x3231564e)
[notice ]         NV21 (0x3132564e)
[notice ] modifier 700000000000005
[notice ]         NV12 (0x3231564e)
[notice ]         NV21 (0x3132564e)
[notice ] modifier 0
[notice ]         XRGB8888 (0x34325258)
[notice ]         ARGB8888 (0x34325241)
[notice ]         ABGR8888 (0x34324241)
[notice ]         XBGR8888 (0x34324258)
[notice ]         XRGB2101010 (0x30335258)
[notice ]         XBGR2101010 (0x30334258)
[notice ]         RGBX1010102 (0x30335852)
[notice ]         BGRX1010102 (0x30335842)
[notice ]         ARGB2101010 (0x30335241)
[notice ]         ABGR2101010 (0x30334241)
[notice ]         RGBA1010102 (0x30334152)
[notice ]         BGRA1010102 (0x30334142)
[notice ]         RGB565 (0x36314752)
[notice ]         BGR565 (0x36314742)
[notice ]         ARGB1555 (0x35315241)
[notice ]         XRGB1555 (0x35315258)
[notice ]         RGB888 (0x34324752)
[notice ]         BGR888 (0x34324742)
[notice ]         YUV422 (0x36315559)
[notice ]         YVU422 (0x36315659)
[notice ]         YUV420 (0x32315559)
[notice ]         YVU420 (0x32315659)
[notice ]         NV12 (0x3231564e)
[notice ]         NV21 (0x3132564e)
[notice ]         NV16 (0x3631564e)
[notice ]         NV61 (0x3136564e)
[notice ] DRM: Using FB_ID: 232
[notice ] DRM: Using CRTC_ID: 91
[notice ] DRM: Using HDR PLANE_ID: 85
[notice ] DRM: Using SDR PLANE_ID: 99
[notice ] DRM: - successfully authorized drm master
[notice ] DRM: - initialized atomic DRM
[notice ] EDID: currently set to blob_id 231
[notice ] DRM: panel is not HDR capable
[notice ] DRM: setting up SDR window/surface
[notice ] GBM: - deinitialized GBM
[notice ] GBM: - created surface with size 4096x2160 and modifier 700000000000001
Detected 2 devices
[notice ] EGL_EXT_platform_base available

EGL has 40 configs
Configurations:
     bf lv colorbuffer dp st  ms     vis                                 cav bi  renderable  supported
  id sz  l  r  g  b  a th cl ns b     id                                 eat nd gl es es2 vg surfaces 
------------------------------------------------------------------------------------------------------
0x01 32  0 10 10 10  2  0  0  0 0 ARGB2101010(0x30335241)-- 0x333a(Fixed)        y  y  y     win
0x02 32  0 10 10 10  2 16  0  0 0 ARGB2101010(0x30335241)-- 0x333a(Fixed)        y  y  y     win
0x03 32  0 10 10 10  2 24  0  0 0 ARGB2101010(0x30335241)-- 0x333a(Fixed)        y  y  y     win
0x04 32  0 10 10 10  2 24  8  0 0 ARGB2101010(0x30335241)-- 0x333a(Fixed)        y  y  y     win
0x05 32  0 10 10 10  2  0  0  4 1 ARGB2101010(0x30335241)-- 0x333a(Fixed)        y  y  y     win
0x06 32  0 10 10 10  2 16  0  4 1 ARGB2101010(0x30335241)-- 0x333a(Fixed)        y  y  y     win
0x07 32  0 10 10 10  2 24  0  4 1 ARGB2101010(0x30335241)-- 0x333a(Fixed)        y  y  y     win
0x08 32  0 10 10 10  2 24  8  4 1 ARGB2101010(0x30335241)-- 0x333a(Fixed)        y  y  y     win
0x09 30  0 10 10 10  0  0  0  0 0 XRGB2101010(0x30335258)-- 0x333a(Fixed)        y  y  y     win
0x0a 30  0 10 10 10  0 16  0  0 0 XRGB2101010(0x30335258)-- 0x333a(Fixed)        y  y  y     win
0x0b 30  0 10 10 10  0 24  0  0 0 XRGB2101010(0x30335258)-- 0x333a(Fixed)        y  y  y     win
0x0c 30  0 10 10 10  0 24  8  0 0 XRGB2101010(0x30335258)-- 0x333a(Fixed)        y  y  y     win
0x0d 30  0 10 10 10  0  0  0  4 1 XRGB2101010(0x30335258)-- 0x333a(Fixed)        y  y  y     win
0x0e 30  0 10 10 10  0 16  0  4 1 XRGB2101010(0x30335258)-- 0x333a(Fixed)        y  y  y     win
0x0f 30  0 10 10 10  0 24  0  4 1 XRGB2101010(0x30335258)-- 0x333a(Fixed)        y  y  y     win
0x10 30  0 10 10 10  0 24  8  4 1 XRGB2101010(0x30335258)-- 0x333a(Fixed)        y  y  y     win
0x11 32  0  8  8  8  8  0  0  0 0 ARGB8888(0x34325241)-- 0x333a(Fixed)        y  y  y     win
0x12 32  0  8  8  8  8 16  0  0 0 ARGB8888(0x34325241)-- 0x333a(Fixed)        y  y  y     win
0x13 32  0  8  8  8  8 24  0  0 0 ARGB8888(0x34325241)-- 0x333a(Fixed)        y  y  y     win
0x14 32  0  8  8  8  8 24  8  0 0 ARGB8888(0x34325241)-- 0x333a(Fixed)        y  y  y     win
0x15 32  0  8  8  8  8  0  0  4 1 ARGB8888(0x34325241)-- 0x333a(Fixed)        y  y  y     win
0x16 32  0  8  8  8  8 16  0  4 1 ARGB8888(0x34325241)-- 0x333a(Fixed)        y  y  y     win
0x17 32  0  8  8  8  8 24  0  4 1 ARGB8888(0x34325241)-- 0x333a(Fixed)        y  y  y     win
0x18 32  0  8  8  8  8 24  8  4 1 ARGB8888(0x34325241)-- 0x333a(Fixed)        y  y  y     win
0x19 24  0  8  8  8  0  0  0  0 0 XRGB8888(0x34325258)-- 0x333a(Fixed)        y  y  y     win
0x1a 24  0  8  8  8  0 16  0  0 0 XRGB8888(0x34325258)-- 0x333a(Fixed)        y  y  y     win
0x1b 24  0  8  8  8  0 24  0  0 0 XRGB8888(0x34325258)-- 0x333a(Fixed)        y  y  y     win
0x1c 24  0  8  8  8  0 24  8  0 0 XRGB8888(0x34325258)-- 0x333a(Fixed)        y  y  y     win
0x1d 24  0  8  8  8  0  0  0  4 1 XRGB8888(0x34325258)-- 0x333a(Fixed)        y  y  y     win
0x1e 24  0  8  8  8  0 16  0  4 1 XRGB8888(0x34325258)-- 0x333a(Fixed)        y  y  y     win
0x1f 24  0  8  8  8  0 24  0  4 1 XRGB8888(0x34325258)-- 0x333a(Fixed)        y  y  y     win
0x20 24  0  8  8  8  0 24  8  4 1 XRGB8888(0x34325258)-- 0x333a(Fixed)        y  y  y     win
0x21 16  0  5  6  5  0  0  0  0 0 RGB565(0x36314752)-- 0x333a(Fixed)        y  y  y     win
0x22 16  0  5  6  5  0 16  0  0 0 RGB565(0x36314752)-- 0x333a(Fixed)        y  y  y     win
0x23 16  0  5  6  5  0 24  0  0 0 RGB565(0x36314752)-- 0x333a(Fixed)        y  y  y     win
0x24 16  0  5  6  5  0 24  8  0 0 RGB565(0x36314752)-- 0x333a(Fixed)        y  y  y     win
0x25 16  0  5  6  5  0  0  0  4 1 RGB565(0x36314752)-- 0x333a(Fixed)        y  y  y     win
0x26 16  0  5  6  5  0 16  0  4 1 RGB565(0x36314752)-- 0x333a(Fixed)        y  y  y     win
0x27 16  0  5  6  5  0 24  0  4 1 RGB565(0x36314752)-- 0x333a(Fixed)        y  y  y     win
0x28 16  0  5  6  5  0 24  8  4 1 RGB565(0x36314752)-- 0x333a(Fixed)        y  y  y     win
config idx 0
[ error ] EGL_GL_COLORSPACE_SRGB_KHR not available

[notice ] EGL_GL_COLORSPACE_KHR  available

[verbose] ofShader: checkAndCreateProgram(): creating GLSL program
[verbose] ofShader: setupShaderFromSource(): GL_VERTEX_SHADER shader compiled
[verbose] ofShader: checkAndCreateProgram(): creating GLSL program
[verbose] ofShader: setupShaderFromSource(): GL_VERTEX_SHADER shader compiled
[verbose] ofShader: checkAndCreateProgram(): creating GLSL program
[verbose] ofShader: setupShaderFromSource(): GL_VERTEX_SHADER shader compiled
[verbose] ofShader: checkAndCreateProgram(): creating GLSL program
[verbose] ofShader: setupShaderFromSource(): GL_VERTEX_SHADER shader compiled
[verbose] ofShader: checkAndCreateProgram(): creating GLSL program
[verbose] ofShader: setupShaderFromSource(): GL_VERTEX_SHADER shader compiled
[verbose] ofShader: setupShaderFromSource(): GL_FRAGMENT_SHADER shader compiled
[verbose] ofShader: setupShaderFromSource(): GL_FRAGMENT_SHADER shader compiled
[verbose] ofShader: setupShaderFromSource(): GL_FRAGMENT_SHADER shader compiled
[verbose] ofShader: setupShaderFromSource(): GL_FRAGMENT_SHADER shader compiled
[verbose] ofShader: setupShaderFromSource(): GL_FRAGMENT_SHADER shader compiled
[verbose] ofShader: checkAndCreateProgram(): creating GLSL program
[verbose] ofShader: setupShaderFromSource(): GL_VERTEX_SHADER shader compiled
[verbose] ofShader: setupShaderFromSource(): GL_FRAGMENT_SHADER shader compiled
[verbose] ofShader: linkProgram(): attaching GL_FRAGMENT_SHADER shader to program 1
[verbose] ofShader: linkProgram(): attaching GL_VERTEX_SHADER shader to program 1
[verbose] ofShader: checkProgramLinkStatus(): program 1 linked
[verbose] ofShader: linkProgram(): attaching GL_FRAGMENT_SHADER shader to program 3
[verbose] ofShader: linkProgram(): attaching GL_VERTEX_SHADER shader to program 3
[verbose] ofShader: checkProgramLinkStatus(): program 3 linked
[verbose] ofShader: linkProgram(): attaching GL_FRAGMENT_SHADER shader to program 5
[verbose] ofShader: linkProgram(): attaching GL_VERTEX_SHADER shader to program 5
[verbose] ofShader: checkProgramLinkStatus(): program 5 linked
[verbose] ofShader: linkProgram(): attaching GL_FRAGMENT_SHADER shader to program 7
[verbose] ofShader: linkProgram(): attaching GL_VERTEX_SHADER shader to program 7
[verbose] ofShader: checkProgramLinkStatus(): program 7 linked
[verbose] ofShader: linkProgram(): attaching GL_FRAGMENT_SHADER shader to program 9
[verbose] ofShader: linkProgram(): attaching GL_VERTEX_SHADER shader to program 9
[verbose] ofShader: checkProgramLinkStatus(): program 9 linked
[verbose] ofShader: linkProgram(): attaching GL_FRAGMENT_SHADER shader to program 16
[verbose] ofShader: linkProgram(): attaching GL_VERTEX_SHADER shader to program 16
[verbose] ofShader: checkProgramLinkStatus(): program 16 linked
drmModeRmFB failed for fb_id 232 with error -2
Could not add a framebuffer using drmModeAddFB2 : Unknown error -22
Buffer mapped !
[notice ] FB_ID: object FB_ID = 0
[notice ] DRM: Setting FB_ID: object FB_ID = 1157627904
[ error ] DRM: failed to commit FB_ID property Invalid argument
[notice ] CRTC_ID: object CRTC_ID = 0
[notice ] DRM: Setting CRTC_ID: object CRTC_ID = 91
[ error ] DRM: failed to commit CRTC_ID property Invalid argument
[notice ] SRC_X: range [0..4294967295] = 
[notice ] SRC_X: currently set to 0
[notice ] 0
[notice ] DRM: Setting SRC_X: range [0..4294967295] = 0
[notice ] DRM: SRC_X property commit successful
[notice ] SRC_Y: range [0..4294967295] = 
[notice ] SRC_Y: currently set to 0
[notice ] 0
[notice ] DRM: Setting SRC_Y: range [0..4294967295] = 0
[notice ] DRM: SRC_Y property commit successful
[notice ] SRC_W: range [0..4294967295] = 
[notice ] SRC_W: currently set to 0
[notice ] 0
[notice ] DRM: Setting SRC_W: range [0..4294967295] = 268435456
[notice ] DRM: SRC_W property commit successful
[notice ] SRC_H: range [0..4294967295] = 
[notice ] SRC_H: currently set to 0
[notice ] 0
[notice ] DRM: Setting SRC_H: range [0..4294967295] = 141557760
[notice ] DRM: SRC_H property commit successful
[notice ] CRTC_X: range [18446744071562067968..2147483647] = 
[notice ] 0
[notice ] DRM: Setting CRTC_X: range [18446744071562067968..2147483647] = 0
[notice ] DRM: CRTC_X property commit successful
